0 info it worked if it ends with ok
1 verbose cli [ 'C:\\Program Files\\nodejs\\node.exe',
1 verbose cli   'C:\\Program Files\\nodejs\\node_modules\\npm\\bin\\npm-cli.js',
1 verbose cli   'start' ]
2 info using npm@3.10.8
3 info using node@v6.9.1
4 verbose run-script [ 'prestart', 'start', 'poststart' ]
5 info lifecycle react-starterkit@1.0.3~prestart: react-starterkit@1.0.3
6 verbose lifecycle react-starterkit@1.0.3~prestart: unsafe-perm in lifecycle true
7 verbose lifecycle react-starterkit@1.0.3~prestart: PATH: C:\Program Files\nodejs\node_modules\npm\bin\node-gyp-bin;C:\xampp\htdocs\react-test-frontend\node_modules\.bin;C:\Users\sourcefit\bin;C:\Program Files\Git\mingw64\bin;C:\Program Files\Git\usr\local\bin;C:\Program Files\Git\usr\bin;C:\Program Files\Git\usr\bin;C:\Program Files\Git\mingw64\bin;C:\Program Files\Git\usr\bin;C:\Users\sourcefit\bin;C:\ProgramData\Oracle\Java\javapath;C:\Windows\system32;C:\Windows;C:\Windows\System32\Wbem;C:\Windows\System32\WindowsPowerShell\v1.0;C:\Program Files (x86)\NVIDIA Corporation\PhysX\Common;C:\Program Files (x86)\Skype\Phone;C:\Program Files (x86)\Windows Kits\8.1\Windows Performance Toolkit;C:\Program Files\Microsoft SQL Server\110\Tools\Binn;C:\Program Files (x86)\Microsoft SDKs\TypeScript\1.0;C:\Program Files\Microsoft SQL Server\120\Tools\Binn;C:\Program Files\nodejs;C:\Program Files\TortoiseGit\bin;C:\Program Files\Git\cmd;C:\Program Files (x86)\Microsoft VS Code\bin;C:\Users\sourcefit\AppData\Local\atom\bin;C:\Users\sourcefit\AppData\Roaming\npm;C:\Program Files\Git\usr\bin\vendor_perl;C:\Program Files\Git\usr\bin\core_perl
8 verbose lifecycle react-starterkit@1.0.3~prestart: CWD: C:\xampp\htdocs\react-test-frontend
9 silly lifecycle react-starterkit@1.0.3~prestart: Args: [ '/d /s /c', 'npm run check-dotenv' ]
10 silly lifecycle react-starterkit@1.0.3~prestart: Returned: code: 1  signal: null
11 info lifecycle react-starterkit@1.0.3~prestart: Failed to exec prestart script
12 verbose stack Error: react-starterkit@1.0.3 prestart: `npm run check-dotenv`
12 verbose stack Exit status 1
12 verbose stack     at EventEmitter.<anonymous> (C:\Program Files\nodejs\node_modules\npm\lib\utils\lifecycle.js:255:16)
12 verbose stack     at emitTwo (events.js:106:13)
12 verbose stack     at EventEmitter.emit (events.js:191:7)
12 verbose stack     at ChildProcess.<anonymous> (C:\Program Files\nodejs\node_modules\npm\lib\utils\spawn.js:40:14)
12 verbose stack     at emitTwo (events.js:106:13)
12 verbose stack     at ChildProcess.emit (events.js:191:7)
12 verbose stack     at maybeClose (internal/child_process.js:877:16)
12 verbose stack     at Process.ChildProcess._handle.onexit (internal/child_process.js:226:5)
13 verbose pkgid react-starterkit@1.0.3
14 verbose cwd C:\xampp\htdocs\react-test-frontend
15 error Windows_NT 10.0.10586
16 error argv "C:\\Program Files\\nodejs\\node.exe" "C:\\Program Files\\nodejs\\node_modules\\npm\\bin\\npm-cli.js" "start"
17 error node v6.9.1
18 error npm  v3.10.8
19 error code ELIFECYCLE
20 error react-starterkit@1.0.3 prestart: `npm run check-dotenv`
20 error Exit status 1
21 error Failed at the react-starterkit@1.0.3 prestart script 'npm run check-dotenv'.
21 error Make sure you have the latest version of node.js and npm installed.
21 error If you do, this is most likely a problem with the react-starterkit package,
21 error not with npm itself.
21 error Tell the author that this fails on your system:
21 error     npm run check-dotenv
21 error You can get information on how to open an issue for this project with:
21 error     npm bugs react-starterkit
21 error Or if that isn't available, you can get their info via:
21 error     npm owner ls react-starterkit
21 error There is likely additional logging output above.
22 verbose exit [ 1, true ]
